2021-04-30 14:39:05.375 INFO  com.cjlzxy.webmqtt.config.WebmqttApplication      :55   [32m                  [0;39m Starting WebmqttApplication using Java 1.8.0_161 on zhengxiaoyes-MacBook.local with PID 88141 (/Users/zhengxiaoye/Desktop/IoT/project/target/classes started by zhengxiaoye in /Users/zhengxiaoye/Desktop/IoT/project)
2021-04-30 14:39:05.383 INFO  com.cjlzxy.webmqtt.config.WebmqttApplication      :675  [32m                  [0;39m No active profile set, falling back to default profiles: default
2021-04-30 14:39:08.379 INFO  o.s.boot.web.embedded.tomcat.TomcatWebServer      :108  [32m                  [0;39m Tomcat initialized with port(s): 8880 (http)
2021-04-30 14:39:08.482 INFO  org.apache.coyote.http11.Http11NioProtocol        :173  [32m                  [0;39m Initializing ProtocolHandler ["http-nio-8880"]
2021-04-30 14:39:08.485 INFO  org.apache.catalina.core.StandardService          :173  [32m                  [0;39m Starting service [Tomcat]
2021-04-30 14:39:08.486 INFO  org.apache.catalina.core.StandardEngine           :173  [32m                  [0;39m Starting Servlet engine: [Apache Tomcat/9.0.45]
2021-04-30 14:39:08.931 INFO  o.a.c.core.ContainerBase.[Tomcat].[localhost].[/] :173  [32m                  [0;39m Initializing Spring embedded WebApplicationContext
2021-04-30 14:39:08.933 INFO  o.s.b.w.s.c.ServletWebServerApplicationContext    :289  [32m                  [0;39m Root WebApplicationContext: initialization completed in 3164 ms
2021-04-30 14:39:09.419 INFO  o.s.scheduling.concurrent.ThreadPoolTaskExecutor  :181  [32m                  [0;39m Initializing ExecutorService 'applicationTaskExecutor'
2021-04-30 14:39:09.735 INFO  org.apache.coyote.http11.Http11NioProtocol        :173  [32m                  [0;39m Starting ProtocolHandler ["http-nio-8880"]
2021-04-30 14:39:09.823 INFO  o.s.boot.web.embedded.tomcat.TomcatWebServer      :220  [32m                  [0;39m Tomcat started on port(s): 8880 (http) with context path ''
2021-04-30 14:39:09.845 INFO  com.cjlzxy.webmqtt.config.WebmqttApplication      :61   [32m                  [0;39m Started WebmqttApplication in 6.217 seconds (JVM running for 7.879)
2021-04-30 14:39:09.851 INFO  com.cjlzxy.webmqtt.config.WebmqttApplication      :19   [32m                  [0;39m 启动成功！！
2021-04-30 14:39:09.852 INFO  com.cjlzxy.webmqtt.config.WebmqttApplication      :20   [32m                  [0;39m 地址:	http://127.0.0.1:8880
2021-04-30 14:39:14.671 INFO  o.s.scheduling.concurrent.ThreadPoolTaskExecutor  :218  [32m                  [0;39m Shutting down ExecutorService 'applicationTaskExecutor'
2021-04-30 14:45:30.539 INFO  com.cjlzxy.webmqtt.config.WebmqttApplication      :55   [32m                  [0;39m Starting WebmqttApplication using Java 1.8.0_161 on zhengxiaoyes-MacBook.local with PID 88286 (/Users/zhengxiaoye/Desktop/IoT/project/target/classes started by zhengxiaoye in /Users/zhengxiaoye/Desktop/IoT/project)
2021-04-30 14:45:30.544 INFO  com.cjlzxy.webmqtt.config.WebmqttApplication      :675  [32m                  [0;39m No active profile set, falling back to default profiles: default
2021-04-30 14:45:32.647 INFO  o.s.boot.web.embedded.tomcat.TomcatWebServer      :108  [32m                  [0;39m Tomcat initialized with port(s): 8880 (http)
2021-04-30 14:45:32.665 INFO  org.apache.coyote.http11.Http11NioProtocol        :173  [32m                  [0;39m Initializing ProtocolHandler ["http-nio-8880"]
2021-04-30 14:45:32.667 INFO  org.apache.catalina.core.StandardService          :173  [32m                  [0;39m Starting service [Tomcat]
2021-04-30 14:45:32.667 INFO  org.apache.catalina.core.StandardEngine           :173  [32m                  [0;39m Starting Servlet engine: [Apache Tomcat/9.0.45]
2021-04-30 14:45:33.014 INFO  o.a.c.core.ContainerBase.[Tomcat].[localhost].[/] :173  [32m                  [0;39m Initializing Spring embedded WebApplicationContext
2021-04-30 14:45:33.015 INFO  o.s.b.w.s.c.ServletWebServerApplicationContext    :289  [32m                  [0;39m Root WebApplicationContext: initialization completed in 2390 ms
2021-04-30 14:45:33.454 INFO  o.s.scheduling.concurrent.ThreadPoolTaskExecutor  :181  [32m                  [0;39m Initializing ExecutorService 'applicationTaskExecutor'
2021-04-30 14:45:33.794 INFO  org.apache.coyote.http11.Http11NioProtocol        :173  [32m                  [0;39m Starting ProtocolHandler ["http-nio-8880"]
2021-04-30 14:45:33.859 INFO  o.s.boot.web.embedded.tomcat.TomcatWebServer      :220  [32m                  [0;39m Tomcat started on port(s): 8880 (http) with context path ''
2021-04-30 14:45:33.882 INFO  com.cjlzxy.webmqtt.config.WebmqttApplication      :61   [32m                  [0;39m Started WebmqttApplication in 4.104 seconds (JVM running for 5.619)
2021-04-30 14:45:33.888 INFO  com.cjlzxy.webmqtt.config.WebmqttApplication      :19   [32m                  [0;39m 启动成功！！
2021-04-30 14:45:33.889 INFO  com.cjlzxy.webmqtt.config.WebmqttApplication      :20   [32m                  [0;39m 地址:	http://127.0.0.1:8880
2021-04-30 14:45:36.896 INFO  o.s.scheduling.concurrent.ThreadPoolTaskExecutor  :218  [32m                  [0;39m Shutting down ExecutorService 'applicationTaskExecutor'
